[debug] [2025-08-10T10:59:25.863Z] ----------------------------------------------------------------------
[debug] [2025-08-10T10:59:25.865Z] Command:       /usr/local/bin/firebase /Users/rk/.cache/firebase/tools/lib/node_modules/firebase-tools/lib/bin/firebase deploy --only hosting --debug
[debug] [2025-08-10T10:59:25.865Z] CLI Version:   12.4.0
[debug] [2025-08-10T10:59:25.865Z] Platform:      darwin
[debug] [2025-08-10T10:59:25.866Z] Node Version:  v16.16.0
[debug] [2025-08-10T10:59:25.867Z] Time:          Sun Aug 10 2025 11:59:25 GMT+0100 (British Summer Time)
[debug] [2025-08-10T10:59:25.867Z] ----------------------------------------------------------------------
[debug] 
[debug] [2025-08-10T10:59:25.972Z] > command requires scopes: ["email","openid","https://www.googleapis.com/auth/cloudplatformprojects.readonly","https://www.googleapis.com/auth/firebase","https://www.googleapis.com/auth/cloud-platform"]
[debug] [2025-08-10T10:59:25.974Z] > authorizing via signed-in user (rkerry1@googlemail.com)
[debug] [2025-08-10T10:59:25.975Z] [iam] checking project ryankerry-fe51d for permissions ["firebase.projects.get","firebasehosting.sites.update"]
[debug] [2025-08-10T10:59:25.978Z] >>> [apiv2][query] POST https://cloudresourcemanager.googleapis.com/v1/projects/ryankerry-fe51d:testIamPermissions [none]
[debug] [2025-08-10T10:59:25.979Z] >>> [apiv2][(partial)header] POST https://cloudresourcemanager.googleapis.com/v1/projects/ryankerry-fe51d:testIamPermissions x-goog-quota-user=projects/ryankerry-fe51d
[debug] [2025-08-10T10:59:25.980Z] >>> [apiv2][body] POST https://cloudresourcemanager.googleapis.com/v1/projects/ryankerry-fe51d:testIamPermissions {"permissions":["firebase.projects.get","firebasehosting.sites.update"]}
[debug] [2025-08-10T10:59:26.248Z] <<< [apiv2][status] POST https://cloudresourcemanager.googleapis.com/v1/projects/ryankerry-fe51d:testIamPermissions 200
[debug] [2025-08-10T10:59:26.251Z] <<< [apiv2][body] POST https://cloudresourcemanager.googleapis.com/v1/projects/ryankerry-fe51d:testIamPermissions {"permissions":["firebase.projects.get","firebasehosting.sites.update"]}
[debug] [2025-08-10T10:59:26.253Z] >>> [apiv2][query] GET https://firebase.googleapis.com/v1beta1/projects/ryankerry-fe51d [none]
[debug] [2025-08-10T10:59:26.528Z] <<< [apiv2][status] GET https://firebase.googleapis.com/v1beta1/projects/ryankerry-fe51d 200
[debug] [2025-08-10T10:59:26.531Z] <<< [apiv2][body] GET https://firebase.googleapis.com/v1beta1/projects/ryankerry-fe51d {"projectId":"ryankerry-fe51d","projectNumber":"708864181924","displayName":"ryankerry","name":"projects/ryankerry-fe51d","resources":{"hostingSite":"ryankerry-fe51d"},"state":"ACTIVE","etag":"1_94ff600c-d1c7-4ada-bdef-f9841d690fb2"}
[info] 
[info] === Deploying to 'ryankerry-fe51d'...
[info] 
[info] i  deploying hosting 
[debug] [2025-08-10T10:59:26.544Z] >>> [apiv2][query] POST https://firebasehosting.googleapis.com/v1beta1/projects/-/sites/ryankerry-fe51d/versions [none]
[debug] [2025-08-10T10:59:26.547Z] >>> [apiv2][body] POST https://firebasehosting.googleapis.com/v1beta1/projects/-/sites/ryankerry-fe51d/versions {"status":"CREATED","labels":{"deployment-tool":"cli-firebase"}}
[debug] [2025-08-10T10:59:27.447Z] <<< [apiv2][status] POST https://firebasehosting.googleapis.com/v1beta1/projects/-/sites/ryankerry-fe51d/versions 200
[debug] [2025-08-10T10:59:27.449Z] <<< [apiv2][body] POST https://firebasehosting.googleapis.com/v1beta1/projects/-/sites/ryankerry-fe51d/versions {"name":"projects/708864181924/sites/ryankerry-fe51d/versions/fff2c4abb0f0a195","status":"CREATED","config":{},"labels":{"deployment-tool":"cli-firebase"}}
[info] i  hosting[ryankerry-fe51d]: beginning deploy... 
[info] i  hosting[ryankerry-fe51d]: found 166 files in public 
[debug] [2025-08-10T10:59:27.492Z] [hosting] uploading with 200 concurrency
[debug] [2025-08-10T10:59:27.513Z] [hosting] hash cache [cHVibGlj] stored for 166 files
[debug] [2025-08-10T10:59:27.514Z] [hosting][hash queue][FINAL] {"max":16,"min":0,"avg":0.9383722011102136,"active":0,"complete":166,"success":166,"errored":0,"retried":0,"total":166,"elapsed":21}
[debug] [2025-08-10T10:59:27.515Z] >>> [apiv2][query] POST https://firebasehosting.googleapis.com/v1beta1/projects/708864181924/sites/ryankerry-fe51d/versions/fff2c4abb0f0a195:populateFiles [none]
[debug] [2025-08-10T10:59:27.515Z] >>> [apiv2][body] POST https://firebasehosting.googleapis.com/v1beta1/projects/708864181924/sites/ryankerry-fe51d/versions/fff2c4abb0f0a195:populateFiles {"files":{"/404.html":"a869b6c1bc6c13287def8c848e02af3ba23b42bfe69e0eb3f65510c6ed1031c2","/apple-touch-icon.png":"e1b6579ebe2489c8b2ffb12af9b4796ca9891b8eac61bffa3f42805f326b11a9","/bluesky.svg":"9875b4e5ee12a384938bca8aa0ee44c67b16aca9799a993366fc00ac8d76cb33","/favicon.ico":"8c4f277d256f392ba1095409e58bea607791c52dafe928251273e56fddb726b0","/github.svg":"aaff91f8c8d7c4bd081d92993590a614fc403ee7f19bc24e54f753b6257c1e8d","/highlight.min.js":"73688ad05f3721a88871992e05a5f026b4c3d15571017ecb7dbc9210c29352f1","/instagram.svg":"3effba7f663ae7419ed53c4259956b1e350dbbbe26d5ea0e5ebc84fc6fa95ca4","/linkedin.svg":"25802cc7d006f411ac0cee640c8a827fc05d3dd3c29ba5bda774d9b8a389b405","/main.min.css":"2a9789391249041914b9af7405abab40aa15ae5793f245ed59733fd3f702f1d3","/mastodon.svg":"8d24f87b7117fedc54fb00a35bb11f1a2def65f59dea3ceb00ce5e3f52fb6a64","/rss.svg":"3a4875cce3a44366fcd96f038dfd04ebc3854f90bdaf6eed41f485c49944af78","/sitemap.xml":"919546b003f3c012173f58e165d26331cda9d495172fe5df910b0404ad25153a","/theme.png":"7b7690f879cf70f24555238ede607d320c0528f23e80cd631f209c49cf29d3f2","/theme.svg":"a4cec66d4ca98eb8c15b3401b57d4e6a5ad2300e57f706d8c36854d784496d03","/threads.svg":"2d27e2f227edbad810f59b8519e2b9721987f25cbfedd2aa1100af73eefd3709","/twitter.svg":"4d4e30f4cbe83e5c1f1bcb0b2c8b26844dd1ebe58e5b4d727d0f2e789b479ef8","/about/index.html":"c326f902f48c907510c671c5ced580af119031b9166e73152b5a46c13a651112","/categories/index.html":"22946987c215d6c434643bf75e4d4e91da886dfb703d45a14cf360cfbe334a05","/categories/index.xml":"a479d79425a2fb88d48e4860e01085a7fa7814108d1180d1f13cba6114b76727","/categories/page/1/index.html":"3fb68465dc73b057e2c05eb731e690b593941ba7ef73a77b8ef843659d6c7568","/css/custom.css":"e405a9db32e30bde22c98771df0f6bc1ab6732ffa9f042cec3ad3761750d6278","/css/custom.css.map":"783db7ea6f5cc44d4ad909de8988e3bb584b49c32f90d493d88510db7c3f3d9c","/css/fonts.css":"ba544d5d04c120a99275f869d012a824afa7fb86e0dec46f100770c6f93dd571","/css/style.371ef935b21ab10b87fb13bbb8e0f034b63da5fc8bfbf6f11504c849e4777d4b.css":"045a62628fbfa7e0eb8d296bd579cfb0505fb9d6d117a6bd6c3d54106740f29e","/css/style.css":"591352d0a35a5b4357f85766e7fca2a6738812260a70121db1df2797e3f92786","/css/style.css.map":"b7f1f30e3f7d1661b0c6a8ea9f06a6d00eb0a5d912b66a7e71f8c944df4e4636","/fonts/libre-baskerville-v7-latin-700.eot":"5fef31f3211b5ceb89a3f4b21337aafb6569da66432cf366661ec6bb4a8ed5ed","/fonts/libre-baskerville-v7-latin-700.svg":"7f89e33986df1cb9f96ea4c7e237edf7dc5bb5782225b77cc297825497e25d82","/fonts/libre-baskerville-v7-latin-700.ttf":"e0644ba9133ddc7721db5db19458d55bfbf388ed77b81e0bab10d8a7a10d5dc6","/fonts/libre-baskerville-v7-latin-700.woff":"2f5fa2ece0d1763f64cbe1f64b97f09a96525d68a830f2303c2496b5486b5428","/fonts/libre-baskerville-v7-latin-700.woff2":"e0024b5f63b36ddc4699e781dc92f4512864bfa17f519752b4bda526e99c1fb7","/fonts/libre-baskerville-v7-latin-italic.eot":"d58053b502af17d02508f4554f2e15d06f02e15668abcfa1526a23c8de2e0861","/fonts/libre-baskerville-v7-latin-italic.svg":"abf06d54aa8040aa2dc36222fab66aa6adc736eb2381a0ae0c7757f9262025ac","/fonts/libre-baskerville-v7-latin-italic.ttf":"31739815207064bf7aa853c1d07608dbcbc315426d6791c818d02842ce8b6c8a","/fonts/libre-baskerville-v7-latin-italic.woff":"ff33b34791161b91c7d7c846469d8ea218947f1acf2582c61b22b99238d43d47","/fonts/libre-baskerville-v7-latin-italic.woff2":"e0f024e87c2e37ff64c38f3eba6abeb8352e72852ada3a5fe0bb6995b3f32cd9","/fonts/libre-baskerville-v7-latin-regular.eot":"cd8a561506bb628bbcd3049f8ddc9235960014d53e3338cc0bf6d18e7f800b20","/fonts/libre-baskerville-v7-latin-regular.svg":"ee1713db576a679e3652ff36171a490ccd35ca31d9997d289fc06519e6f30b78","/fonts/libre-baskerville-v7-latin-regular.ttf":"c76ac6e79bcb93fcdf7f3467ee0af6229bb4ab0605c715019e8f9457e66a608e","/fonts/libre-baskerville-v7-latin-regular.woff":"c5687ef81fe393756ae6ef1f0f974a9668e1d5f6a2e479bc7b7ce6816cd213d8","/fonts/libre-baskerville-v7-latin-regular.woff2":"a152ffd90c53c598fdae92a2825bb948e2844abddcb056ba5a9ff8443abd1056","/hey-im-ryan/index.html":"8dc696ee5e40f1830a784f834be95c59a31f2b1aaad63758a7fce3e52082dd18","/images/1594714178097.jpeg":"d4fdceef3bb8d85db4d4a0b8cdc62fe40c0c9c520ea4f29d22614a50435d9dbf","/images/73de9417-7d20-4ca6-947f-4eb99db8905d_1280x720.jpg":"577d4ed301e75243b19d4a61a544f8f336104ed2373ea9c960b31f0189ef7e6e","/images/IMG_0675-optimised.webp":"9e4ca2603232d2a74e54808ff1c3794f6601c522c9bd27018fff066cc22603f3","/images/IMG_0675.png":"7c5dc811b48a85861e034bee8743abfcca34666bce1de0bbdd39b49cd8599e7a","/images/Next4.webp":"eb2ffc888fd804fa180a99d8018b91707f7ed942395a8c87bf8536203e64ee0e","/images/apple-touch-icon.png":"09de2524a7833b71a8ad4262c66aa392b01823577862978d45d712f5d9d3e4d5","/images/favicon-16x16.png":"1636a47beb95c6bc6ce38f802e4a12c27bb5f0b531de731a16b1d5f09ca0bd0c","/images/favicon-32x32.png":"4a33307a59bf3193d67de1a4f5e49eca78d2778fb380a46e323524664042aff2","/images/next-optimised.webp":"e1a7fa292f80e6acb27528cd5d2e51a91fc63d4b142ee484c9c0d0cc7acdff18","/images/ryan-optimised.webp":"b8a33db34963fa7560c27594aad10f7b6117dd5f371c69db43a46331f202d0db","/images/unity-office-optimised.webp":"3b12ba427a887707aacfe027ada1b5abed186a39c4c7059bbd0238581f1151c2","/js/darkmode.js":"315a5e784c64c20cb0c8b797ab378ad31660d8673defbdab439620d67ba60f3c","/js/toc.js":"cb9e02869897a103803bb485b8a0edf0b38bc7b647c867773b868bfedeaa8cbf","/page/index.html":"14813f030952f90b5940508e019e1f0c311a7ed8764aa7dda68fcbc5571a223d","/page/index.xml":"1cb00222f9831b3c9587db42dcc5d5d0d8c89f962345535e0b8439052dc870cb","/page/about/index.html":"14006d4a51cffc9bbc401742a532720176dcf84cf0ffc40f21c894a20f3c2825","/page/page/1/index.html":"8768f3875e4ca4a95e2b86a6eb30915afe079538a94a5e95126b075b8180041d","/post/index.html":"23b79e35b7917f2ea6185d7284e9762671ca862e4eb4853e1e9e5562256ce9b5","/post/index.xml":"02376b0299212c8be85e6c59d076d29335246f1bc11af9dc77a50add334f1bee","/post/page/1/index.html":"b165dcf85cc46b7fbf2769aea5a69316ce183c73772e4ef98cbf59e944792d06","/posts/index.html":"1de16a4eed600c817dea459e038f24b0b2485c04476910a41c134dc57af046b5","/posts/index.xml":"9f8dc2e41a83dd962428e68e8341400ecc4a881754f81106ad634f835912196e","/posts/away-teams/index.html":"db56329fcc858c6be77b8dd5a23f02c7b64095811dbf36f98efb24db81e50643","/posts/building-trust-not-fear-building-a-modern-security-organisation/index.html":"8cb021b1e02b036ed91a45b32747014d788d30fb5738c90d5d780ff01757b70c","/posts/building-trust-not-fear-establishing-a-modern-security-organisation/index.html":"f8b3cb8c3b46b8d30b34f79294501c59fb51c2b0207981171ce6827a0fc05431","/posts/building-trust-not-fear-the-modern-security-team/index.html":"184ff7781190c3e65391ef3172630f026bcf9fcca1a5f7861253b5c0110207ac","/posts/can-ai-actually-improve-infrastructure/index.html":"f71ec2555e786787f587dc957f7114410e4cea5f20ab994b2fc7664cd43bb9f0","/posts/complex-characters/index.html":"fdd0c3c9034c84be53d78bdf28ae7e45b34f1ab635c0b7bd42dc817d751707f7","/posts/complex-individuals/index.html":"20d9c26daab9d9ff64895414b674c03fc37c3ec94de54d5dfe5996b9a7ba10f4","/posts/difficult-discussions/index.html":"c149bfe621460187e4b05ba8a51b2ac00a56613419e9ceb21411b6acc989e74a","/posts/effective-meetings/index.html":"bbd6d2023f40647c7b9a25ed984f0e9d0f058c008ad731a515309ca6b2394531","/posts/farewell-lush-hello-unity/index.html":"0d64daade33e5ee13830a83739871cf2ae82615fddaf0b22c42e56097f7968dc","/posts/farewell-unity-hello-efg/index.html":"3593e5d90d81ccbe925eb1b120c54aeaad1de3f81ed769b571d6222f0cfc931d","/posts/how-to-have-effective-skip-level-meetings/index.html":"aaafcc8cb74e3f8e19904032f095f8dab75c89f70fa17d6357a5bcefc35513d5","/posts/ill-be-keynote-speaking-at-google-next-london/index.html":"f4072571365f71a4b263b6c0f5647705d002e396e2b4b173d7e4a27bbf25ea93","/posts/ill-be-speaking-at-gdc-alongside-cloudflare/index.html":"8b722d71b5ca3345e2fbe313073d26fb088e2764d70c0654260fea57241c17fa","/posts/leading-effective-meetings/index.html":"07b53d58e0a46a1e2d0fe2573a8f943b9a52b76ac1811337d927ddedf9073b59","/posts/leading-through-reduction/index.html":"0c3038ed24d1d2b7cdc470553d6181a88c175c081348b98aeb19e35ce2fb9411","/posts/learnings-from-establishing-a-modern-security-organisation/index.html":"c1669a15b12f76b9763f66fda47adf830435d3f2969f1265ebfbf250b6ba889c","/posts/leveraging-engineering-away-teams/index.html":"e4418eb20452284d9953fab93035b9f150f1e3e0801caface89010e5d8b3fa2b","/posts/measuring-predictability-vs-estimations/index.html":"348a4912d3612c9b16eae00f53b018e8d196cdc2411498fd178eea30260a555a","/posts/page/1/index.html":"5924b316c050da14984a80cd72657982af96c51e37e49fb2d18e02d0d82a5715","/posts/page/2/index.html":"562578a5810d081a7d6ea20e88de1f317d24ac702d6fb8db0cd0d697ce519ee8","/posts/pivot-into-security/index.html":"3ff41f3653cfaf7f4c468d444dad08cea9d5588a38e079bae288130a11b20185","/posts/pivoting-into-security/index.html":"8e8e241f34b8d031379602f5d28c174baee45ca330165be175bde8178c81f4e8","/posts/platform-engineering-as-a-business-lever/index.html":"b240b1213d02b1d64a8d4546a7001f2968eb7613ad32047e1fbde297be00fe13","/posts/predictability-vs-estimations/index.html":"fc923beb5f352714229489e86693039b42234bc337919c915020301a4647afb7","/posts/skip-levels/index.html":"1d1ad67af585d1f3877a334ee73942b4d478dd33eb3b53f24a17fd8869bd98bc","/posts/speaking-at-google-next-london/index.html":"b0cf77eb41cc19ce38960c0a6ccc29ea8181d8eeb4effe7fc10849bca2cd27c5","/posts/sponsorship/index.html":"71de2b27f98e13cbc5a99948c78a63d929869acad78683d692f15317d212717e","/posts/thriving-not-just-surviving-staying-relevant-as-a-tech-leader-in-the-ai-era/index.html":"09e2f97388d790ac2c319d619c0f319bca5de39615a0e731f7f082f34671a037","/scripts/menu.min.js":"644bc11f0488f388b8973be5340f38ab4c9cb0d40606972d86ee5750aa88fed0","/tags/index.html":"773ceb3f2d3d8c7dd787cab24c47d78d7b2432a376faa75b53bd929832cbbe1d","/tags/index.xml":"9305b01b17c1b253be62a05e3c1fca1fc872b151b619014838424116fb206716","/tags/ai/index.html":"25ef7764b6863e8ca55bb365b1f90664fcc1dd877abed0c7a299abd0808a75c7","/tags/ai/index.xml":"73e3d232b64125479400c6a07b279dd6c54fb5db073411e1c7be70471c9641a2","/tags/ai/page/1/index.html":"cec43638cf55b7c860ad12a41fa4c797569d4689c6cac1d553e95c6a0222d07e","/tags/career/index.html":"ba25a40623189c521d6b281ba520cccfea2104c00d5c3118562702f0d6d4a7a4","/tags/career/index.xml":"f906ab10cc917b7ba29c7a74eea1357db703ec53e43602bc0e38dbdd43d3a3a5","/tags/career/page/1/index.html":"9e12ed36db8244892de03791259001a5ad2e3a158b245a2dbb5eb740815a07fc","/tags/change/index.html":"b07643342e4771e1e495721fdb987a995be0b416b0c693b3c0b0f6f6f558a655","/tags/change/index.xml":"7eccede365d7c339d5fd80c906fa9a6b8b1d054b0cb4556156ccd5f92ea35352","/tags/change/page/1/index.html":"f8ea99aa0cca6c242af699117e24644cdb61a27bcd1fd0f1db3bd15e4b29141e","/tags/conference/index.html":"6f4aefc3ca3244fd03c57f8bffa75cfc59bc5821ba28c0e981de894e1e4b4388","/tags/conference/index.xml":"a2531221d7f0c47255c020a3d147a891d197117fb43fa8e43df159ddebcb3514","/tags/conference/page/1/index.html":"e2f12d63a4ccce0044e7c0b8e8699ed8842e1492f18c7ba31911acaba421b90c","/tags/culture/index.html":"12e557940ccb93180836b0d9a13299f6e398307f13065be01531a33a95d059aa","/tags/culture/index.xml":"6896203525da533731dd0a0881677ae0b354d56e512b2f84119edc80c00408b7","/tags/culture/page/1/index.html":"979e4e366b7e9bee0cfd590510bef9f8defc7be64658f86cc25003218a67102f","/tags/delivery/index.html":"e827d093edd44c5328bea46061f69932946fb4ff3ca5ad0946de14c6a7a7995d","/tags/delivery/index.xml":"8fa8cae34cf9927c9dd745ba58de337bafdf6ce2a3e6d7be44d868f0c65ccf6b","/tags/delivery/page/1/index.html":"ea704417212c1522a40ee82cc8f2b78cd9ded074637e3b216690b4677279da48","/tags/engineering/index.html":"1ac1813de5eb00813aca17bd76fabe7be6dfb925a8b95aac64ccabc73a570ef8","/tags/engineering/index.xml":"b069918e52ee3a54eef06af06dd5f423f727b70249d33a47f86dd38f3675f42e","/tags/engineering/page/1/index.html":"5e55d6c3eb1e146944e2487bc963440702d869c6cbf5588b530e306b76a7eb6a","/tags/execution/index.html":"4e1c8d8c7f56bcb89e647af160908c716a448d538bb0cb5f0f4b15d16ecc93a9","/tags/execution/index.xml":"c99e90c7767dcf723ace98eaeedc4807c6a9ef4ae1eca4eabcfd8e796c9b5413","/tags/execution/page/1/index.html":"9736c38082110337759e1dbd376ce8860eeae3ddd9de954cb584d6a501429213","/tags/growht/index.html":"2d0705224157f26393b5ee51a7254399cbde1fe90a5934eb21a24866b526359b","/tags/growht/index.xml":"d2db99d2bb0e27fcdccebecd356ad47bc0ba11d162ed9b04d1b18b1802bf015b","/tags/growht/page/1/index.html":"0460e3f09382ba150a938785fc466ab9022fc82a4fe06a5c71425ce7b8243918","/tags/growth/index.html":"acdd78ad2e4a29648f82e9629814d9b3cd3326c514c6ad703d244f40d2eae8cb","/tags/growth/index.xml":"d544a24d1451d8b156c92f0809a11f7965136cfed118697c0597c3470527f970","/tags/growth/page/1/index.html":"1f33558e693f218fa3014ed75c08dba92671b523a05b0754481a606256c4dd9a","/tags/infrastructure/index.html":"6c9ddd2d0c90729e3ed79f95d7a6e2830009df10d46ddb2ca5640acdb3f020d8","/tags/infrastructure/index.xml":"50cec77c93dbab17e3f6e255f9a4181ce85edbe286996d37b9fd046fc0b723d6","/tags/infrastructure/page/1/index.html":"a01d3f2cd9be3867b1f66427a9952bc2da86612d2c6e2bc12f002e4058024ac6","/tags/leadership/index.html":"d76bccb452b1127827d038d128bcfe8a3238fd3dd30ea20f1db506376970c3b4","/tags/leadership/index.xml":"95aa4dbca7e40468ba8e9fae5109cc28f37a3583db758ce379308683bf8f897e","/tags/leadership/page/1/index.html":"d676e4c413dbffa44780c6a006f2e68d1f31f54923309248bb44da3a847e1225","/tags/management/index.html":"6005bd33d73f4b791952a6de81d72e05430b1956508dbbe2e56f0507aed79db7","/tags/management/index.xml":"9796babab04535b668cbca010ada064ec44f980a34a7e44abae9ad280b5ec66a","/tags/management/page/1/index.html":"ba4bfb576ed8c8a20b3ea4ff022f2a734e005644ee7350d092612c061e2338fd","/tags/measurement/index.html":"8b054cd90de4b412aa6ff37a9aa6d528107054cb649cadb43caddb06ab933640","/tags/measurement/index.xml":"e66dd7b67d603be82498a60107f0eeda0442add8f785b6aae004b42ce322daa1","/tags/measurement/page/1/index.html":"5ce00701d161f4ebe386891fdfcb47a31c93e1fcabe5e46d4db0ad7f38dc8d0b","/tags/organisation/index.html":"da3b61e43e0620cda602449e55ec8171291ea61a444e35f135ce771aec405c56","/tags/organisation/index.xml":"b62ae5f0b18b984af3d6ea58d7bf22f481e8bcb0d5706c75dc2eb50bbf99477c","/tags/organisation/page/1/index.html":"d7e76154cb361e678db03e9b4661d81b2ffd37d27723d8fde2f0fee64692d41d","/tags/page/1/index.html":"c3ddd39e8d7a7dca2ac7c80913b2a0eb057056874d03c421df30efbaf18bb1d1","/tags/personal/index.html":"2ed1f27aca66f713f0f59937a174004d60805e492b5cadbc69cc0207d8916a9e","/tags/personal/index.xml":"50b3431e1769e8042109a6a656ce24f00f73822db80c6a06c4989118259cf85c","/tags/personal/page/1/index.html":"a8f9d8f472b55c481c4dc957941838d8057735d62ed98be224f8b3fe291cd70f","/tags/platform/index.html":"e9bd6a8fef641dc15d2a481b108a9592248d0cc13012edbae55a287d8ff5426d","/tags/platform/index.xml":"117e2ca0720544cbab5a9f6738f2c8ff26d3cc41c7599dee89ec3278242acc7e","/tags/platform/page/1/index.html":"7c04231e7cc4c4fd167fd73f1fdc4d80849d716a5f6bf02bf79271017c2b8905","/tags/public-speaking/index.html":"ee9753069bebe2b6cf11546a242fe2805f325eb59e2463bb1b6b7220c7166219","/tags/public-speaking/index.xml":"83c251b25c768b62171eb0d261b8545ead0cbecc4ce2310bdb6ef08319e35585","/tags/public-speaking/page/1/index.html":"1215b0618bb8f4a008f05c7aae2fd81407f406ea7b83dba8494061d1cf04f2be","/tags/security/index.html":"208d2ded803b26378aed09b8ba1b49caa5300239f3283f3758f91bd2072a775f","/tags/security/index.xml":"3e38e464db5547bb782bfba6b7f1b0f0516767e543d15971b2cca6bf03b0939a","/tags/security/page/1/index.html":"4bd7db9237fb88f59340d64af8e5bf6f75df4ce72be9feeee0f2897b8e6bb5ca","/tags/sponsorship/index.html":"07fab721aba6375ce879d7ded108b7791e5bf678a6102647dead3de6ee7daad8","/tags/sponsorship/index.xml":"8b93d82bf40decf24d9c39f3610484a378c2f7a07a6a99fc44f4e8b53a4a87ce","/tags/sponsorship/page/1/index.html":"96f4ff9349f9736575376b2f6567124b01d2bdc511a8d52009e0278b40729ad6","/tags/transformation/index.html":"4f9c8720be27e020ddcd0ef1696951871cdd6f00f3b533267433101ba519ab6e","/tags/transformation/index.xml":"e70a6a408b3829b4329edc4c4889432d458ab814597c77749d57b00c56c032af","/tags/transformation/page/1/index.html":"9dd60cb2a01f0b08c2266fa37a37d42c2621928c60051e2dfc6d537e3e263f79","/posts/speaking-at-gdc-alongside-cloudflare/index.html":"9b23d610b376fbaae937aa11a892692fea3f5cad0750d8605f3580c476368b06","/index.xml":"0a9daf65afdc2944c8c6d027b06fee78a8c75099c214a7767f7c8f273c4dcd60","/posts/platform-equals-leverage/index.html":"3d1bbc702d11756a1983ab771b03580479fe0d40342c6ccc2739ebbcf95f85e7","/page/1/index.html":"aea88dcae86273248232fabfd4ab498e8eb5a8e61f3dfed1f41fccd5b06120b8","/index.html":"966477743f50783c62d41e715e21d55630e5e52397143a9258e22b349857d554","/page/2/index.html":"19addb3cf8abef955ba239a169c60e5a1403c0ca0805c144272c26a8c863aa03"}}
[debug] [2025-08-10T10:59:28.474Z] <<< [apiv2][status] POST https://firebasehosting.googleapis.com/v1beta1/projects/708864181924/sites/ryankerry-fe51d/versions/fff2c4abb0f0a195:populateFiles 200
[debug] [2025-08-10T10:59:28.475Z] <<< [apiv2][body] POST https://firebasehosting.googleapis.com/v1beta1/projects/708864181924/sites/ryankerry-fe51d/versions/fff2c4abb0f0a195:populateFiles {"uploadRequiredHashes":["966477743f50783c62d41e715e21d55630e5e52397143a9258e22b349857d554","0a9daf65afdc2944c8c6d027b06fee78a8c75099c214a7767f7c8f273c4dcd60","9b23d610b376fbaae937aa11a892692fea3f5cad0750d8605f3580c476368b06","19addb3cf8abef955ba239a169c60e5a1403c0ca0805c144272c26a8c863aa03","3d1bbc702d11756a1983ab771b03580479fe0d40342c6ccc2739ebbcf95f85e7"],"uploadUrl":"https://upload-firebasehosting.googleapis.com/upload/sites/ryankerry-fe51d/versions/fff2c4abb0f0a195/files"}
[debug] [2025-08-10T10:59:28.481Z] >>> [apiv2][query] POST https://upload-firebasehosting.googleapis.com/upload/sites/ryankerry-fe51d/versions/fff2c4abb0f0a195/files/966477743f50783c62d41e715e21d55630e5e52397143a9258e22b349857d554 [none]
[debug] [2025-08-10T10:59:28.482Z] >>> [apiv2][body] POST https://upload-firebasehosting.googleapis.com/upload/sites/ryankerry-fe51d/versions/fff2c4abb0f0a195/files/966477743f50783c62d41e715e21d55630e5e52397143a9258e22b349857d554 [stream]
[debug] [2025-08-10T10:59:28.485Z] >>> [apiv2][query] POST https://upload-firebasehosting.googleapis.com/upload/sites/ryankerry-fe51d/versions/fff2c4abb0f0a195/files/0a9daf65afdc2944c8c6d027b06fee78a8c75099c214a7767f7c8f273c4dcd60 [none]
[debug] [2025-08-10T10:59:28.486Z] >>> [apiv2][body] POST https://upload-firebasehosting.googleapis.com/upload/sites/ryankerry-fe51d/versions/fff2c4abb0f0a195/files/0a9daf65afdc2944c8c6d027b06fee78a8c75099c214a7767f7c8f273c4dcd60 [stream]
[debug] [2025-08-10T10:59:28.487Z] >>> [apiv2][query] POST https://upload-firebasehosting.googleapis.com/upload/sites/ryankerry-fe51d/versions/fff2c4abb0f0a195/files/9b23d610b376fbaae937aa11a892692fea3f5cad0750d8605f3580c476368b06 [none]
[debug] [2025-08-10T10:59:28.487Z] >>> [apiv2][body] POST https://upload-firebasehosting.googleapis.com/upload/sites/ryankerry-fe51d/versions/fff2c4abb0f0a195/files/9b23d610b376fbaae937aa11a892692fea3f5cad0750d8605f3580c476368b06 [stream]
[debug] [2025-08-10T10:59:28.489Z] >>> [apiv2][query] POST https://upload-firebasehosting.googleapis.com/upload/sites/ryankerry-fe51d/versions/fff2c4abb0f0a195/files/19addb3cf8abef955ba239a169c60e5a1403c0ca0805c144272c26a8c863aa03 [none]
[debug] [2025-08-10T10:59:28.489Z] >>> [apiv2][body] POST https://upload-firebasehosting.googleapis.com/upload/sites/ryankerry-fe51d/versions/fff2c4abb0f0a195/files/19addb3cf8abef955ba239a169c60e5a1403c0ca0805c144272c26a8c863aa03 [stream]
[debug] [2025-08-10T10:59:28.490Z] >>> [apiv2][query] POST https://upload-firebasehosting.googleapis.com/upload/sites/ryankerry-fe51d/versions/fff2c4abb0f0a195/files/3d1bbc702d11756a1983ab771b03580479fe0d40342c6ccc2739ebbcf95f85e7 [none]
[debug] [2025-08-10T10:59:28.491Z] >>> [apiv2][body] POST https://upload-firebasehosting.googleapis.com/upload/sites/ryankerry-fe51d/versions/fff2c4abb0f0a195/files/3d1bbc702d11756a1983ab771b03580479fe0d40342c6ccc2739ebbcf95f85e7 [stream]
[debug] [2025-08-10T10:59:28.493Z] [hosting][populate queue][FINAL] {"max":970,"min":970,"avg":970,"active":0,"complete":1,"success":1,"errored":0,"retried":0,"total":1,"elapsed":982}
[debug] [2025-08-10T10:59:28.494Z] [hosting] uploads queued: 5
[info] i  hosting: uploading new files [0/5] (0%) 
[debug] [2025-08-10T10:59:29.586Z] <<< [apiv2][status] POST https://upload-firebasehosting.googleapis.com/upload/sites/ryankerry-fe51d/versions/fff2c4abb0f0a195/files/9b23d610b376fbaae937aa11a892692fea3f5cad0750d8605f3580c476368b06 200
[debug] [2025-08-10T10:59:29.586Z] <<< [apiv2][body] POST https://upload-firebasehosting.googleapis.com/upload/sites/ryankerry-fe51d/versions/fff2c4abb0f0a195/files/9b23d610b376fbaae937aa11a892692fea3f5cad0750d8605f3580c476368b06 [stream]
[debug] [2025-08-10T10:59:29.621Z] <<< [apiv2][status] POST https://upload-firebasehosting.googleapis.com/upload/sites/ryankerry-fe51d/versions/fff2c4abb0f0a195/files/19addb3cf8abef955ba239a169c60e5a1403c0ca0805c144272c26a8c863aa03 200
[debug] [2025-08-10T10:59:29.622Z] <<< [apiv2][body] POST https://upload-firebasehosting.googleapis.com/upload/sites/ryankerry-fe51d/versions/fff2c4abb0f0a195/files/19addb3cf8abef955ba239a169c60e5a1403c0ca0805c144272c26a8c863aa03 [stream]
[debug] [2025-08-10T10:59:29.690Z] <<< [apiv2][status] POST https://upload-firebasehosting.googleapis.com/upload/sites/ryankerry-fe51d/versions/fff2c4abb0f0a195/files/0a9daf65afdc2944c8c6d027b06fee78a8c75099c214a7767f7c8f273c4dcd60 200
[debug] [2025-08-10T10:59:29.690Z] <<< [apiv2][body] POST https://upload-firebasehosting.googleapis.com/upload/sites/ryankerry-fe51d/versions/fff2c4abb0f0a195/files/0a9daf65afdc2944c8c6d027b06fee78a8c75099c214a7767f7c8f273c4dcd60 [stream]
[debug] [2025-08-10T10:59:29.740Z] <<< [apiv2][status] POST https://upload-firebasehosting.googleapis.com/upload/sites/ryankerry-fe51d/versions/fff2c4abb0f0a195/files/3d1bbc702d11756a1983ab771b03580479fe0d40342c6ccc2739ebbcf95f85e7 200
[debug] [2025-08-10T10:59:29.740Z] <<< [apiv2][body] POST https://upload-firebasehosting.googleapis.com/upload/sites/ryankerry-fe51d/versions/fff2c4abb0f0a195/files/3d1bbc702d11756a1983ab771b03580479fe0d40342c6ccc2739ebbcf95f85e7 [stream]
[debug] [2025-08-10T10:59:29.895Z] <<< [apiv2][status] POST https://upload-firebasehosting.googleapis.com/upload/sites/ryankerry-fe51d/versions/fff2c4abb0f0a195/files/966477743f50783c62d41e715e21d55630e5e52397143a9258e22b349857d554 200
[debug] [2025-08-10T10:59:29.897Z] <<< [apiv2][body] POST https://upload-firebasehosting.googleapis.com/upload/sites/ryankerry-fe51d/versions/fff2c4abb0f0a195/files/966477743f50783c62d41e715e21d55630e5e52397143a9258e22b349857d554 [stream]
[debug] [2025-08-10T10:59:29.898Z] [hosting][upload queue][FINAL] {"max":1422,"min":1105,"avg":1227.8,"active":0,"complete":5,"success":5,"errored":0,"retried":0,"total":5,"elapsed":1423}
[info] i  hosting: upload complete 
[info] ✔  hosting[ryankerry-fe51d]: file upload complete 
[debug] [2025-08-10T10:59:29.901Z] [hosting] deploy completed after 2451ms
[debug] [2025-08-10T10:59:29.903Z] [
  {
    "config": {
      "public": "public",
      "ignore": [
        "firebase.json",
        "**/.*",
        "**/node_modules/**"
      ],
      "headers": [
        {
          "source": "/css/**",
          "headers": [
            {
              "key": "Cache-Control",
              "value": "public, max-age=31536000"
            }
          ]
        },
        {
          "source": "/js/**",
          "headers": [
            {
              "key": "Cache-Control",
              "value": "public, max-age=31536000"
            }
          ]
        },
        {
          "source": "/favicon.ico",
          "headers": [
            {
              "key": "Cache-Control",
              "value": "public, max-age=31536000"
            }
          ]
        },
        {
          "source": "/images/**",
          "headers": [
            {
              "key": "Cache-Control",
              "value": "public, max-age=31536000"
            }
          ]
        }
      ],
      "site": "ryankerry-fe51d"
    },
    "version": "projects/708864181924/sites/ryankerry-fe51d/versions/fff2c4abb0f0a195"
  }
]
[info] i  hosting[ryankerry-fe51d]: finalizing version... 
[debug] [2025-08-10T10:59:29.906Z] >>> [apiv2][query] PATCH https://firebasehosting.googleapis.com/v1beta1/projects/-/sites/ryankerry-fe51d/versions/fff2c4abb0f0a195 updateMask=status%2Cconfig
[debug] [2025-08-10T10:59:29.907Z] >>> [apiv2][body] PATCH https://firebasehosting.googleapis.com/v1beta1/projects/-/sites/ryankerry-fe51d/versions/fff2c4abb0f0a195 {"status":"FINALIZED","config":{"headers":[{"glob":"/css/**","headers":{"Cache-Control":"public, max-age=31536000"}},{"glob":"/js/**","headers":{"Cache-Control":"public, max-age=31536000"}},{"glob":"/favicon.ico","headers":{"Cache-Control":"public, max-age=31536000"}},{"glob":"/images/**","headers":{"Cache-Control":"public, max-age=31536000"}}]}}
[debug] [2025-08-10T10:59:30.736Z] <<< [apiv2][status] PATCH https://firebasehosting.googleapis.com/v1beta1/projects/-/sites/ryankerry-fe51d/versions/fff2c4abb0f0a195 200
[debug] [2025-08-10T10:59:30.741Z] <<< [apiv2][body] PATCH https://firebasehosting.googleapis.com/v1beta1/projects/-/sites/ryankerry-fe51d/versions/fff2c4abb0f0a195 {"name":"projects/708864181924/sites/ryankerry-fe51d/versions/fff2c4abb0f0a195","status":"FINALIZED","config":{"headers":[{"headers":{"Cache-Control":"public, max-age=31536000"},"glob":"/css/**"},{"headers":{"Cache-Control":"public, max-age=31536000"},"glob":"/js/**"},{"headers":{"Cache-Control":"public, max-age=31536000"},"glob":"/favicon.ico"},{"headers":{"Cache-Control":"public, max-age=31536000"},"glob":"/images/**"}]},"labels":{"deployment-tool":"cli-firebase"},"createTime":"2025-08-10T10:59:27.212782Z","createUser":{"email":"rkerry1@gmail.com"},"finalizeTime":"2025-08-10T10:59:30.645641Z","finalizeUser":{"email":"rkerry1@gmail.com"}}
[debug] [2025-08-10T10:59:30.742Z] [hosting] finalized version for ryankerry-fe51d:[object Object]
[info] ✔  hosting[ryankerry-fe51d]: version finalized 
[info] i  hosting[ryankerry-fe51d]: releasing new version... 
[debug] [2025-08-10T10:59:30.746Z] >>> [apiv2][query] POST https://firebasehosting.googleapis.com/v1beta1/projects/-/sites/ryankerry-fe51d/channels/live/releases versionName=projects%2F708864181924%2Fsites%2Fryankerry-fe51d%2Fversions%2Ffff2c4abb0f0a195
[debug] [2025-08-10T10:59:30.746Z] >>> [apiv2][body] POST https://firebasehosting.googleapis.com/v1beta1/projects/-/sites/ryankerry-fe51d/channels/live/releases {}
[debug] [2025-08-10T10:59:31.590Z] <<< [apiv2][status] POST https://firebasehosting.googleapis.com/v1beta1/projects/-/sites/ryankerry-fe51d/channels/live/releases 200
